<?xml version="1.0" encoding="UTF-8"?>
<testsuite xmlns:xsi="http://www.w3.org/2001/XMLSchema-instance" xsi:noNamespaceSchemaLocation="https://maven.apache.org/surefire/maven-surefire-plugin/xsd/surefire-test-report-3.0.xsd" version="3.0" name="com.sujoy.model.TransactionTest" time="0.005" tests="6" errors="0" skipped="0" failures="0">
  <properties>
    <property name="java.specification.version" value="23"/>
    <property name="sun.jnu.encoding" value="UTF-8"/>
    <property name="java.class.path" value="/Users/sujoymukherjee/code/money/BSToMSMoney/target/test-classes:/Users/sujoymukherjee/code/money/BSToMSMoney/target/classes:/Users/sujoymukherjee/.m2/repository/org/htmlparser/htmlparser/2.1/htmlparser-2.1.jar:/Users/sujoymukherjee/.m2/repository/org/htmlparser/htmllexer/2.1/htmllexer-2.1.jar:/Users/sujoymukherjee/.m2/repository/au/com/bytecode/opencsv/2.4/opencsv-2.4.jar:/Users/sujoymukherjee/.m2/repository/org/apache/poi/poi/5.4.0/poi-5.4.0.jar:/Users/sujoymukherjee/.m2/repository/commons-codec/commons-codec/1.17.1/commons-codec-1.17.1.jar:/Users/sujoymukherjee/.m2/repository/org/apache/commons/commons-math3/3.6.1/commons-math3-3.6.1.jar:/Users/sujoymukherjee/.m2/repository/commons-io/commons-io/2.18.0/commons-io-2.18.0.jar:/Users/sujoymukherjee/.m2/repository/com/zaxxer/SparseBitSet/1.3/SparseBitSet-1.3.jar:/Users/sujoymukherjee/.m2/repository/org/apache/poi/poi-ooxml/5.4.0/poi-ooxml-5.4.0.jar:/Users/sujoymukherjee/.m2/repository/org/apache/poi/poi-ooxml-lite/5.4.0/poi-ooxml-lite-5.4.0.jar:/Users/sujoymukherjee/.m2/repository/org/apache/xmlbeans/xmlbeans/5.3.0/xmlbeans-5.3.0.jar:/Users/sujoymukherjee/.m2/repository/org/apache/commons/commons-compress/1.27.1/commons-compress-1.27.1.jar:/Users/sujoymukherjee/.m2/repository/org/apache/commons/commons-lang3/3.16.0/commons-lang3-3.16.0.jar:/Users/sujoymukherjee/.m2/repository/com/github/virtuald/curvesapi/1.08/curvesapi-1.08.jar:/Users/sujoymukherjee/.m2/repository/org/apache/poi/poi-ooxml-schemas/4.1.2/poi-ooxml-schemas-4.1.2.jar:/Users/sujoymukherjee/.m2/repository/org/apache/commons/commons-collections4/4.4/commons-collections4-4.4.jar:/Users/sujoymukherjee/.m2/repository/org/junit/jupiter/junit-jupiter-api/5.8.0/junit-jupiter-api-5.8.0.jar:/Users/sujoymukherjee/.m2/repository/org/opentest4j/opentest4j/1.2.0/opentest4j-1.2.0.jar:/Users/sujoymukherjee/.m2/repository/org/junit/platform/junit-platform-commons/1.8.0/junit-platform-commons-1.8.0.jar:/Users/sujoymukherjee/.m2/repository/org/apiguardian/apiguardian-api/1.1.2/apiguardian-api-1.1.2.jar:/Users/sujoymukherjee/.m2/repository/org/mockito/mockito-core/5.17.0/mockito-core-5.17.0.jar:/Users/sujoymukherjee/.m2/repository/net/bytebuddy/byte-buddy/1.15.11/byte-buddy-1.15.11.jar:/Users/sujoymukherjee/.m2/repository/net/bytebuddy/byte-buddy-agent/1.15.11/byte-buddy-agent-1.15.11.jar:/Users/sujoymukherjee/.m2/repository/org/objenesis/objenesis/3.3/objenesis-3.3.jar:/Users/sujoymukherjee/.m2/repository/org/mockito/mockito-junit-jupiter/5.17.0/mockito-junit-jupiter-5.17.0.jar:/Users/sujoymukherjee/.m2/repository/org/apache/logging/log4j/log4j-api/2.20.0/log4j-api-2.20.0.jar:/Users/sujoymukherjee/.m2/repository/org/apache/logging/log4j/log4j-core/2.20.0/log4j-core-2.20.0.jar:"/>
    <property name="java.vm.vendor" value="Homebrew"/>
    <property name="sun.arch.data.model" value="64"/>
    <property name="java.vendor.url" value="https://github.com/Homebrew/homebrew-core/issues"/>
    <property name="user.timezone" value="Asia/Kolkata"/>
    <property name="os.name" value="Mac OS X"/>
    <property name="java.vm.specification.version" value="23"/>
    <property name="sun.java.launcher" value="SUN_STANDARD"/>
    <property name="user.country" value="IN"/>
    <property name="sun.boot.library.path" value="/opt/homebrew/Cellar/openjdk/23.0.2/libexec/openjdk.jdk/Contents/Home/lib"/>
    <property name="sun.java.command" value="/Users/sujoymukherjee/code/money/BSToMSMoney/target/surefire/surefirebooter-20250510120425230_3.jar /Users/sujoymukherjee/code/money/BSToMSMoney/target/surefire 2025-05-10T12-04-25_197-jvmRun1 surefire-20250510120425230_1tmp surefire_0-20250510120425230_2tmp"/>
    <property name="http.nonProxyHosts" value="local|*.local|169.254/16|*.169.254/16"/>
    <property name="jdk.debug" value="release"/>
    <property name="surefire.test.class.path" value="/Users/sujoymukherjee/code/money/BSToMSMoney/target/test-classes:/Users/sujoymukherjee/code/money/BSToMSMoney/target/classes:/Users/sujoymukherjee/.m2/repository/org/htmlparser/htmlparser/2.1/htmlparser-2.1.jar:/Users/sujoymukherjee/.m2/repository/org/htmlparser/htmllexer/2.1/htmllexer-2.1.jar:/Users/sujoymukherjee/.m2/repository/au/com/bytecode/opencsv/2.4/opencsv-2.4.jar:/Users/sujoymukherjee/.m2/repository/org/apache/poi/poi/5.4.0/poi-5.4.0.jar:/Users/sujoymukherjee/.m2/repository/commons-codec/commons-codec/1.17.1/commons-codec-1.17.1.jar:/Users/sujoymukherjee/.m2/repository/org/apache/commons/commons-math3/3.6.1/commons-math3-3.6.1.jar:/Users/sujoymukherjee/.m2/repository/commons-io/commons-io/2.18.0/commons-io-2.18.0.jar:/Users/sujoymukherjee/.m2/repository/com/zaxxer/SparseBitSet/1.3/SparseBitSet-1.3.jar:/Users/sujoymukherjee/.m2/repository/org/apache/poi/poi-ooxml/5.4.0/poi-ooxml-5.4.0.jar:/Users/sujoymukherjee/.m2/repository/org/apache/poi/poi-ooxml-lite/5.4.0/poi-ooxml-lite-5.4.0.jar:/Users/sujoymukherjee/.m2/repository/org/apache/xmlbeans/xmlbeans/5.3.0/xmlbeans-5.3.0.jar:/Users/sujoymukherjee/.m2/repository/org/apache/commons/commons-compress/1.27.1/commons-compress-1.27.1.jar:/Users/sujoymukherjee/.m2/repository/org/apache/commons/commons-lang3/3.16.0/commons-lang3-3.16.0.jar:/Users/sujoymukherjee/.m2/repository/com/github/virtuald/curvesapi/1.08/curvesapi-1.08.jar:/Users/sujoymukherjee/.m2/repository/org/apache/poi/poi-ooxml-schemas/4.1.2/poi-ooxml-schemas-4.1.2.jar:/Users/sujoymukherjee/.m2/repository/org/apache/commons/commons-collections4/4.4/commons-collections4-4.4.jar:/Users/sujoymukherjee/.m2/repository/org/junit/jupiter/junit-jupiter-api/5.8.0/junit-jupiter-api-5.8.0.jar:/Users/sujoymukherjee/.m2/repository/org/opentest4j/opentest4j/1.2.0/opentest4j-1.2.0.jar:/Users/sujoymukherjee/.m2/repository/org/junit/platform/junit-platform-commons/1.8.0/junit-platform-commons-1.8.0.jar:/Users/sujoymukherjee/.m2/repository/org/apiguardian/apiguardian-api/1.1.2/apiguardian-api-1.1.2.jar:/Users/sujoymukherjee/.m2/repository/org/mockito/mockito-core/5.17.0/mockito-core-5.17.0.jar:/Users/sujoymukherjee/.m2/repository/net/bytebuddy/byte-buddy/1.15.11/byte-buddy-1.15.11.jar:/Users/sujoymukherjee/.m2/repository/net/bytebuddy/byte-buddy-agent/1.15.11/byte-buddy-agent-1.15.11.jar:/Users/sujoymukherjee/.m2/repository/org/objenesis/objenesis/3.3/objenesis-3.3.jar:/Users/sujoymukherjee/.m2/repository/org/mockito/mockito-junit-jupiter/5.17.0/mockito-junit-jupiter-5.17.0.jar:/Users/sujoymukherjee/.m2/repository/org/apache/logging/log4j/log4j-api/2.20.0/log4j-api-2.20.0.jar:/Users/sujoymukherjee/.m2/repository/org/apache/logging/log4j/log4j-core/2.20.0/log4j-core-2.20.0.jar:"/>
    <property name="sun.cpu.endian" value="little"/>
    <property name="user.home" value="/Users/sujoymukherjee"/>
    <property name="user.language" value="en"/>
    <property name="java.specification.vendor" value="Oracle Corporation"/>
    <property name="java.version.date" value="2025-01-21"/>
    <property name="java.home" value="/opt/homebrew/Cellar/openjdk/23.0.2/libexec/openjdk.jdk/Contents/Home"/>
    <property name="file.separator" value="/"/>
    <property name="basedir" value="/Users/sujoymukherjee/code/money/BSToMSMoney"/>
    <property name="java.vm.compressedOopsMode" value="Zero based"/>
    <property name="line.separator" value="&#10;"/>
    <property name="java.vm.specification.vendor" value="Oracle Corporation"/>
    <property name="java.specification.name" value="Java Platform API Specification"/>
    <property name="apple.awt.application.name" value="ForkedBooter"/>
    <property name="surefire.real.class.path" value="/Users/sujoymukherjee/code/money/BSToMSMoney/target/surefire/surefirebooter-20250510120425230_3.jar"/>
    <property name="sun.management.compiler" value="HotSpot 64-Bit Tiered Compilers"/>
    <property name="ftp.nonProxyHosts" value="local|*.local|169.254/16|*.169.254/16"/>
    <property name="java.runtime.version" value="23.0.2"/>
    <property name="user.name" value="sujoymukherjee"/>
    <property name="stdout.encoding" value="UTF-8"/>
    <property name="path.separator" value=":"/>
    <property name="os.version" value="15.4.1"/>
    <property name="java.runtime.name" value="OpenJDK Runtime Environment"/>
    <property name="file.encoding" value="UTF-8"/>
    <property name="java.vm.name" value="OpenJDK 64-Bit Server VM"/>
    <property name="java.vendor.version" value="Homebrew"/>
    <property name="localRepository" value="/Users/sujoymukherjee/.m2/repository"/>
    <property name="java.vendor.url.bug" value="https://github.com/Homebrew/homebrew-core/issues"/>
    <property name="java.io.tmpdir" value="/var/folders/5q/38y39tjs6_vc703pvq6tm5xh0000gn/T/"/>
    <property name="java.version" value="23.0.2"/>
    <property name="user.dir" value="/Users/sujoymukherjee/code/money/BSToMSMoney"/>
    <property name="os.arch" value="aarch64"/>
    <property name="java.vm.specification.name" value="Java Virtual Machine Specification"/>
    <property name="native.encoding" value="UTF-8"/>
    <property name="java.library.path" value="/Users/sujoymukherjee/Library/Java/Extensions:/Library/Java/Extensions:/Network/Library/Java/Extensions:/System/Library/Java/Extensions:/usr/lib/java:."/>
    <property name="java.vm.info" value="mixed mode, sharing"/>
    <property name="stderr.encoding" value="UTF-8"/>
    <property name="java.vendor" value="Homebrew"/>
    <property name="java.vm.version" value="23.0.2"/>
    <property name="sun.io.unicode.encoding" value="UnicodeBig"/>
    <property name="socksNonProxyHosts" value="local|*.local|169.254/16|*.169.254/16"/>
    <property name="java.class.version" value="67.0"/>
  </properties>
  <testcase name="testGetFormattedDate" classname="com.sujoy.model.TransactionTest" time="0.0"/>
  <testcase name="testEquals_DifferentTransaction" classname="com.sujoy.model.TransactionTest" time="0.001"/>
  <testcase name="testGetSignedAmount_Credit" classname="com.sujoy.model.TransactionTest" time="0.0"/>
  <testcase name="testGetSignedAmount_Debit" classname="com.sujoy.model.TransactionTest" time="0.001"/>
  <testcase name="testConstructor" classname="com.sujoy.model.TransactionTest" time="0.0"/>
  <testcase name="testEquals_SameTransaction" classname="com.sujoy.model.TransactionTest" time="0.001"/>
</testsuite>